20/05/25 22:02:30 : Connect timed out.
20/05/25 22:03:50 : Connect timed out.
20/05/25 22:03:51 : Connect timed out.
20/05/25 22:04:52 : Connect timed out.
20/05/25 22:04:53 : Connect timed out.
20/05/25 22:04:54 : Connect timed out.
20/05/25 22:05:22 : Connect timed out.
20/05/25 22:16:18 : Username and Password not accepted. Learn more at<EOL> https://support.google.com/mail/?p=BadCredentials k30sm12899475pfh.49 - gsmtp<EOL>
20/05/25 22:22:43 : Username and Password not accepted. Learn more at<EOL> https://support.google.com/mail/?p=BadCredentials u4sm18524741pjf.3 - gsmtp<EOL>
20/05/25 22:35:02 : Username and Password not accepted. Learn more at<EOL> https://support.google.com/mail/?p=BadCredentials l10sm13242720pfd.70 - gsmtp<EOL>
20/05/25 22:35:03 : Username and Password not accepted. Learn more at<EOL> https://support.google.com/mail/?p=BadCredentials z21sm13109708pfr.77 - gsmtp<EOL>
20/05/25 22:39:42 : Username and Password not accepted. Learn more at<EOL> https://support.google.com/mail/?p=BadCredentials 141sm13126457pfz.171 - gsmtp<EOL>
20/05/25 22:42:58 : Username and Password not accepted. Learn more at<EOL> https://support.google.com/mail/?p=BadCredentials c14sm12862233pfp.122 - gsmtp<EOL>
20/05/25 22:43:00 : Username and Password not accepted. Learn more at<EOL> https://support.google.com/mail/?p=BadCredentials go1sm12486843pjb.26 - gsmtp<EOL>
20/05/25 22:50:46 : Username and Password not accepted. Learn more at<EOL> https://support.google.com/mail/?p=BadCredentials m2sm5099421pjk.52 - gsmtp<EOL>
20/05/25 22:50:47 : Username and Password not accepted. Learn more at<EOL> https://support.google.com/mail/?p=BadCredentials f136sm12835708pfa.59 - gsmtp<EOL>
20/05/25 22:50:47 : Username and Password not accepted. Learn more at<EOL> https://support.google.com/mail/?p=BadCredentials x20sm13153895pfc.211 - gsmtp<EOL>
20/05/25 22:51:03 : Username and Password not accepted. Learn more at<EOL> https://support.google.com/mail/?p=BadCredentials c123sm12970157pfb.102 - gsmtp<EOL>
20/05/25 22:52:14 : Username and Password not accepted. Learn more at<EOL> https://support.google.com/mail/?p=BadCredentials x25sm11293937pge.23 - gsmtp<EOL>
20/05/25 22:54:31 : Username and Password not accepted. Learn more at<EOL> https://support.google.com/mail/?p=BadCredentials p19sm12634732pfn.216 - gsmtp<EOL>
20/05/25 22:54:32 : Username and Password not accepted. Learn more at<EOL> https://support.google.com/mail/?p=BadCredentials l23sm11081055pff.80 - gsmtp<EOL>
20/05/25 23:00:02 : Username and Password not accepted. Learn more at<EOL> https://support.google.com/mail/?p=BadCredentials n3sm3575227pgq.30 - gsmtp<EOL>
20/05/25 23:00:03 : Username and Password not accepted. Learn more at<EOL> https://support.google.com/mail/?p=BadCredentials c21sm12767810pfo.131 - gsmtp<EOL>
20/05/25 23:00:03 : Username and Password not accepted. Learn more at<EOL> https://support.google.com/mail/?p=BadCredentials b29sm13091895pff.176 - gsmtp<EOL>
20/05/25 23:02:44 : Username and Password not accepted. Learn more at<EOL> https://support.google.com/mail/?p=BadCredentials 1sm1857202pje.26 - gsmtp<EOL>
20/05/25 23:16:01 : Username and Password not accepted. Learn more at<EOL> https://support.google.com/mail/?p=BadCredentials w186sm13232174pff.83 - gsmtp<EOL>
20/05/25 23:16:02 : Username and Password not accepted. Learn more at<EOL> https://support.google.com/mail/?p=BadCredentials i29sm5438918pfk.38 - gsmtp<EOL>
20/05/25 23:16:03 : Username and Password not accepted. Learn more at<EOL> https://support.google.com/mail/?p=BadCredentials j10sm10598610pjf.9 - gsmtp<EOL>
20/05/26 01:36:07 : Username and Password not accepted. Learn more at<EOL> https://support.google.com/mail/?p=BadCredentials 206sm13079883pfy.97 - gsmtp<EOL>
20/05/26 01:36:20 : Username and Password not accepted. Learn more at<EOL> https://support.google.com/mail/?p=BadCredentials r12sm11658576pgv.59 - gsmtp<EOL>
20/05/26 01:36:24 : Username and Password not accepted. Learn more at<EOL> https://support.google.com/mail/?p=BadCredentials m5sm12704545pjn.56 - gsmtp<EOL>
20/05/26 01:36:36 : Username and Password not accepted. Learn more at<EOL> https://support.google.com/mail/?p=BadCredentials y75sm13416053pfb.212 - gsmtp<EOL>
